Thu Jun 08 2023 15:25:0 [UM] info: Database connection successful.
Thu Jun 08 2023 15:25:1 [UM] info: Servier is listening on port 5000
Thu Jun 08 2023 15:25:35 [UM] info: SIGTERM is received.
Thu Jun 08 2023 15:33:19 [UM] info: Database connection successful.
Thu Jun 08 2023 15:33:19 [UM] info: Servier is listening on port 5000
Thu Jun 08 2023 15:35:16 [UM] info: SIGTERM is received.
Thu Jun 08 2023 15:35:26 [UM] info: Database connection successful.
Thu Jun 08 2023 15:35:26 [UM] info: Servier is listening on port 5000
Thu Jun 08 2023 15:35:45 [UM] info: SIGTERM is received.
Thu Jun 08 2023 15:36:11 [UM] info: Database connection successful.
Thu Jun 08 2023 15:36:11 [UM] info: Servier is listening on port 5000
Thu Jun 08 2023 15:36:34 [UM] info: Database connection successful.
Thu Jun 08 2023 15:36:34 [UM] info: Servier is listening on port 5000
Thu Jun 08 2023 15:37:42 [UM] info: Database connection successful.
Thu Jun 08 2023 15:37:42 [UM] info: Servier is listening on port 5000
Thu Jun 08 2023 15:38:21 [UM] info: Database connection successful.
Thu Jun 08 2023 15:38:21 [UM] info: Servier is listening on port 5000
Thu Jun 08 2023 15:40:54 [UM] info: Database connection successful.
Thu Jun 08 2023 15:40:54 [UM] info: Servier is listening on port 5000
Thu Jun 08 2023 15:44:47 -> [UM] info: Database connection successful.
Thu Jun 08 2023 15:44:47 -> [UM] info: Servier is listening on port 5000
Thu Jun 08 2023 15:49:33 -> [UM] info: Database connection successful.
Thu Jun 08 2023 15:49:33 -> [UM] info: Servier is listening on port 5000
Thu Jun 08 2023 15:50:32 -> [UM] info: Database connection successful.
Thu Jun 08 2023 15:50:32 -> [UM] info: Servier is listening on port 5000
Thu Jun 08 2023 15:51:7 -> [UM] info: Database connection successful.
Thu Jun 08 2023 15:51:7 -> [UM] info: Servier is listening on port 5000
Thu Jun 08 2023 15:51:24 -> [UM] info: SIGTERM is received.
Thu Jun 08 2023 15:51:51 -> [UM] info: Database connection successful.
Thu Jun 08 2023 15:51:51 -> [UM] info: Servier is listening on port 5000
Thu Jun 08 2023 15:51:57 -> [UM] info: SIGTERM is received.
Thu Jun 08 2023 15:53:3 -> [UM] info: Database connection successful.
Thu Jun 08 2023 15:53:3 -> [UM] info: Servier is listening on port 5000
Thu Jun 08 2023 15:54:49 -> [UM] info: Database connection successful.
Thu Jun 08 2023 15:54:49 -> [UM] info: Servier is listening on port 5000
Thu Jun 08 2023 15:55:42 -> [UM] info: Database connection successful.
Thu Jun 08 2023 15:55:42 -> [UM] info: Servier is listening on port 5000
Thu Jun 08 2023 15:57:51 -> [UM] info: Database connection successful.
Thu Jun 08 2023 15:57:51 -> [UM] info: Servier is listening on port 5000
Thu Jun 08 2023 15:58:16 -> [UM] info: Database connection successful.
Thu Jun 08 2023 15:58:16 -> [UM] info: Servier is listening on port 5000
Thu Jun 08 2023 15:58:42 -> [UM] info: SIGTERM is received.
